#
# There is insufficient memory for the Java Runtime Environment to continue.
# Native memory allocation (malloc) failed to allocate 2129936 bytes for Chunk::new
# Possible reasons:
#   The system is out of physical RAM or swap space
#   In 32 bit mode, the process size limit was hit
# Possible solutions:
#   Reduce memory load on the system
#   Increase physical memory or swap space
#   Check if swap backing store is full
#   Use 64 bit Java on a 64 bit OS
#   Decrease Java heap size (-Xmx/-Xms)
#   Decrease number of Java threads
#   Decrease Java thread stack sizes (-Xss)
#   Set larger code cache with -XX:ReservedCodeCacheSize=
# This output file may be truncated or incomplete.
#
#  Out of Memory Error (allocation.cpp:390), pid=22472, tid=0x0000000000006344
#
# JRE version: Java(TM) SE Runtime Environment (8.0_121-b13) (build 1.8.0_121-b13)
# Java VM: Java HotSpot(TM) 64-Bit Server VM (25.121-b13 mixed mode windows-amd64 compressed oops)
# Failed to write core dump. Minidumps are not enabled by default on client versions of Windows
#

---------------  T H R E A D  ---------------

Current thread (0x0000000008b88000):  JavaThread "C2 CompilerThread1" daemon [_thread_in_native, id=25412, stack(0x000000001b120000,0x000000001b220000)]

Stack: [0x000000001b120000,0x000000001b220000]
[error occurred during error reporting (printing stack bounds), id 0xc0000005]

Native frames: (J=compiled Java code, j=interpreted, Vv=VM code, C=native code)


Current CompileTask:
C2:   7049 2764   !   4       java.net.URLClassLoader$1::run (63 bytes)


---------------  P R O C E S S  ---------------

Java Threads: ( => current thread )
  0x0000000008bde800 JavaThread "Service Thread" daemon [_thread_blocked, id=24472, stack(0x000000001b720000,0x000000001b820000)]
  0x0000000008b8a800 JavaThread "C1 CompilerThread2" daemon [_thread_blocked, id=2680, stack(0x000000001b220000,0x000000001b320000)]
=>0x0000000008b88000 JavaThread "C2 CompilerThread1" daemon [_thread_in_native, id=25412, stack(0x000000001b120000,0x000000001b220000)]
  0x0000000008b85800 JavaThread "C2 CompilerThread0" daemon [_thread_blocked, id=21016, stack(0x000000001b020000,0x000000001b120000)]
  0x0000000008b83000 JavaThread "Attach Listener" daemon [_thread_blocked, id=2620, stack(0x000000001af20000,0x000000001b020000)]
  0x0000000008b82000 JavaThread "Signal Dispatcher" daemon [_thread_blocked, id=18628, stack(0x000000001ae20000,0x000000001af20000)]
  0x0000000008b70000 JavaThread "Finalizer" daemon [_thread_blocked, id=4564, stack(0x000000001ac30000,0x000000001ad30000)]
  0x0000000003407000 JavaThread "Reference Handler" daemon [_thread_blocked, id=21348, stack(0x000000001ab30000,0x000000001ac30000)]
  0x0000000003317800 JavaThread "main" [_thread_in_vm, id=22836, stack(0x000000000b4d0000,0x000000000b5d0000)]

Other Threads:
  0x0000000008b46800 VMThread [stack: 0x000000001aa30000,0x000000001ab30000] [id=16012]
  0x000000001b3ae000 WatcherThread [stack: 0x000000001b820000,0x000000001b920000] [id=22112]

VM state:not at safepoint (normal execution)

VM Mutex/Monitor currently owned by a thread: None

Heap:
 PSYoungGen      total 71680K, used 37739K [0x00000000d5f80000, 0x00000000dd080000, 0x0000000100000000)
  eden space 66560K, 49% used [0x00000000d5f80000,0x00000000d7f5bfb0,0x00000000da080000)
  from space 5120K, 99% used [0x00000000da080000,0x00000000da57ed08,0x00000000da580000)
  to   space 8192K, 0% used [0x00000000dc880000,0x00000000dc880000,0x00000000dd080000)
 ParOldGen       total 59392K, used 7359K [0x0000000081e00000, 0x0000000085800000, 0x00000000d5f80000)
  object space 59392K, 12% used [0x0000000081e00000,0x000000008252ffd8,0x0000000085800000)
 Metaspace       used 24879K, capacity 25180K, committed 25472K, reserved 1071104K
  class space    used 3080K, capacity 3151K, committed 3200K, reserved 1048576K

Card table byte_map: [0x00000000037f0000,0x0000000003bf0000] byte_map_base: 0x00000000033e1000

Marking Bits: (ParMarkBitMap*) 0x000000006225b6d0
 Begin Bits: [0x0000000003ea0000, 0x0000000005e28000)
 End Bits:   [0x0000000005e28000, 0x0000000007db0000)

Polling page: 0x0000000002d50000

CodeCache: size=245760Kb used=9633Kb max_used=9633Kb free=236126Kb
 bounds [0x000000000b630000, 0x000000000bfd0000, 0x000000001a630000]
 total_blobs=2973 nmethods=2581 adapters=304
 compilation: enabled

Compilation events (10 events):
Event: 7.028 Thread 0x0000000008b8a800 2874       3       java.util.WeakHashMap::containsKey (14 bytes)
Event: 7.028 Thread 0x0000000008b8a800 nmethod 2874 0x000000000b8e97d0 code [0x000000000b8e9940, 0x000000000b8e9ba8]
Event: 7.032 Thread 0x0000000008b8a800 2875       3       java.security.SecureClassLoader::defineClass (16 bytes)
Event: 7.032 Thread 0x0000000008b8a800 nmethod 2875 0x000000000ba1df90 code [0x000000000ba1e100, 0x000000000ba1e378]
Event: 7.035 Thread 0x0000000008b8a800 2876       3       sun.net.www.protocol.file.FileURLConnection::getPermission (70 bytes)
Event: 7.036 Thread 0x0000000008b8a800 nmethod 2876 0x000000000b744b50 code [0x000000000b744d00, 0x000000000b745278]
Event: 7.037 Thread 0x0000000008b8a800 2877       3       java.util.Properties::loadConvert (505 bytes)
Event: 7.038 Thread 0x0000000008b8a800 nmethod 2877 0x000000000b9c0390 code [0x000000000b9c0580, 0x000000000b9c0e98]
Event: 7.041 Thread 0x0000000008b8a800 2878       3       sun.misc.Resource::getByteBuffer (24 bytes)
Event: 7.042 Thread 0x0000000008b8a800 nmethod 2878 0x000000000ba10a50 code [0x000000000ba10c00, 0x000000000ba11378]

GC Heap History (10 events):
Event: 2.430 GC heap before
{Heap before GC invocations=2 (full 0):
 PSYoungGen      total 38400K, used 37873K [0x00000000d5f80000, 0x00000000d8a00000, 0x0000000100000000)
  eden space 33280K, 100% used [0x00000000d5f80000,0x00000000d8000000,0x00000000d8000000)
  from space 5120K, 89% used [0x00000000d8000000,0x00000000d847c7a0,0x00000000d8500000)
  to   space 5120K, 0% used [0x00000000d8500000,0x00000000d8500000,0x00000000d8a00000)
 ParOldGen       total 87552K, used 8K [0x0000000081e00000, 0x0000000087380000, 0x00000000d5f80000)
  object space 87552K, 0% used [0x0000000081e00000,0x0000000081e02000,0x0000000087380000)
 Metaspace       used 13135K, capacity 13212K, committed 13440K, reserved 1060864K
  class space    used 1628K, capacity 1652K, committed 1664K, reserved 1048576K
Event: 2.441 GC heap after
Heap after GC invocations=2 (full 0):
 PSYoungGen      total 38400K, used 5105K [0x00000000d5f80000, 0x00000000daa80000, 0x0000000100000000)
  eden space 33280K, 0% used [0x00000000d5f80000,0x00000000d5f80000,0x00000000d8000000)
  from space 5120K, 99% used [0x00000000d8500000,0x00000000d89fc420,0x00000000d8a00000)
  to   space 5120K, 0% used [0x00000000d8000000,0x00000000d8000000,0x00000000d8500000)
 ParOldGen       total 87552K, used 2323K [0x0000000081e00000, 0x0000000087380000, 0x00000000d5f80000)
  object space 87552K, 2% used [0x0000000081e00000,0x0000000082044c80,0x0000000087380000)
 Metaspace       used 13135K, capacity 13212K, committed 13440K, reserved 1060864K
  class space    used 1628K, capacity 1652K, committed 1664K, reserved 1048576K
}
Event: 3.281 GC heap before
{Heap before GC invocations=3 (full 0):
 PSYoungGen      total 38400K, used 38385K [0x00000000d5f80000, 0x00000000daa80000, 0x0000000100000000)
  eden space 33280K, 100% used [0x00000000d5f80000,0x00000000d8000000,0x00000000d8000000)
  from space 5120K, 99% used [0x00000000d8500000,0x00000000d89fc420,0x00000000d8a00000)
  to   space 5120K, 0% used [0x00000000d8000000,0x00000000d8000000,0x00000000d8500000)
 ParOldGen       total 87552K, used 2323K [0x0000000081e00000, 0x0000000087380000, 0x00000000d5f80000)
  object space 87552K, 2% used [0x0000000081e00000,0x0000000082044c80,0x0000000087380000)
 Metaspace       used 17886K, capacity 18032K, committed 18176K, reserved 1064960K
  class space    used 2214K, capacity 2253K, committed 2304K, reserved 1048576K
Event: 3.292 GC heap after
Heap after GC invocations=3 (full 0):
 PSYoungGen      total 38400K, used 5096K [0x00000000d5f80000, 0x00000000daa80000, 0x0000000100000000)
  eden space 33280K, 0% used [0x00000000d5f80000,0x00000000d5f80000,0x00000000d8000000)
  from space 5120K, 99% used [0x00000000d8000000,0x00000000d84fa0f8,0x00000000d8500000)
  to   space 5120K, 0% used [0x00000000da580000,0x00000000da580000,0x00000000daa80000)
 ParOldGen       total 87552K, used 4062K [0x0000000081e00000, 0x0000000087380000, 0x00000000d5f80000)
  object space 87552K, 4% used [0x0000000081e00000,0x00000000821f7850,0x0000000087380000)
 Metaspace       used 17886K, capacity 18032K, committed 18176K, reserved 1064960K
  class space    used 2214K, capacity 2253K, committed 2304K, reserved 1048576K
}
Event: 4.274 GC heap before
{Heap before GC invocations=4 (full 0):
 PSYoungGen      total 38400K, used 36011K [0x00000000d5f80000, 0x00000000daa80000, 0x0000000100000000)
  eden space 33280K, 92% used [0x00000000d5f80000,0x00000000d7db0ea8,0x00000000d8000000)
  from space 5120K, 99% used [0x00000000d8000000,0x00000000d84fa0f8,0x00000000d8500000)
  to   space 5120K, 0% used [0x00000000da580000,0x00000000da580000,0x00000000daa80000)
 ParOldGen       total 87552K, used 4062K [0x0000000081e00000, 0x0000000087380000, 0x00000000d5f80000)
  object space 87552K, 4% used [0x0000000081e00000,0x00000000821f7850,0x0000000087380000)
 Metaspace       used 20854K, capacity 21064K, committed 21248K, reserved 1067008K
  class space    used 2603K, capacity 2689K, committed 2816K, reserved 1048576K
Event: 4.289 GC heap after
Heap after GC invocations=4 (full 0):
 PSYoungGen      total 71680K, used 5099K [0x00000000d5f80000, 0x00000000daa80000, 0x0000000100000000)
  eden space 66560K, 0% used [0x00000000d5f80000,0x00000000d5f80000,0x00000000da080000)
  from space 5120K, 99% used [0x00000000da580000,0x00000000daa7ad50,0x00000000daa80000)
  to   space 5120K, 0% used [0x00000000da080000,0x00000000da080000,0x00000000da580000)
 ParOldGen       total 87552K, used 5767K [0x0000000081e00000, 0x0000000087380000, 0x00000000d5f80000)
  object space 87552K, 6% used [0x0000000081e00000,0x00000000823a1e78,0x0000000087380000)
 Metaspace       used 20854K, capacity 21064K, committed 21248K, reserved 1067008K
  class space    used 2603K, capacity 2689K, committed 2816K, reserved 1048576K
}
Event: 4.289 GC heap before
{Heap before GC invocations=5 (full 1):
 PSYoungGen      total 71680K, used 5099K [0x00000000d5f80000, 0x00000000daa80000, 0x0000000100000000)
  eden space 66560K, 0% used [0x00000000d5f80000,0x00000000d5f80000,0x00000000da080000)
  from space 5120K, 99% used [0x00000000da580000,0x00000000daa7ad50,0x00000000daa80000)
  to   space 5120K, 0% used [0x00000000da080000,0x00000000da080000,0x00000000da580000)
 ParOldGen       total 87552K, used 5767K [0x0000000081e00000, 0x0000000087380000, 0x00000000d5f80000)
  object space 87552K, 6% used [0x0000000081e00000,0x00000000823a1e78,0x0000000087380000)
 Metaspace       used 20854K, capacity 21064K, committed 21248K, reserved 1067008K
  class space    used 2603K, capacity 2689K, committed 2816K, reserved 1048576K
Event: 4.346 GC heap after
Heap after GC invocations=5 (full 1):
 PSYoungGen      total 71680K, used 0K [0x00000000d5f80000, 0x00000000daa80000, 0x0000000100000000)
  eden space 66560K, 0% used [0x00000000d5f80000,0x00000000d5f80000,0x00000000da080000)
  from space 5120K, 0% used [0x00000000da580000,0x00000000da580000,0x00000000daa80000)
  to   space 5120K, 0% used [0x00000000da080000,0x00000000da080000,0x00000000da580000)
 ParOldGen       total 59392K, used 6764K [0x0000000081e00000, 0x0000000085800000, 0x00000000d5f80000)
  object space 59392K, 11% used [0x0000000081e00000,0x000000008249b040,0x0000000085800000)
 Metaspace       used 20854K, capacity 21064K, committed 21248K, reserved 1067008K
  class space    used 2603K, capacity 2689K, committed 2816K, reserved 1048576K
}
Event: 6.227 GC heap before
{Heap before GC invocations=6 (full 1):
 PSYoungGen      total 71680K, used 66560K [0x00000000d5f80000, 0x00000000daa80000, 0x0000000100000000)
  eden space 66560K, 100% used [0x00000000d5f80000,0x00000000da080000,0x00000000da080000)
  from space 5120K, 0% used [0x00000000da580000,0x00000000da580000,0x00000000daa80000)
  to   space 5120K, 0% used [0x00000000da080000,0x00000000da080000,0x00000000da580000)
 ParOldGen       total 59392K, used 6764K [0x0000000081e00000, 0x0000000085800000, 0x00000000d5f80000)
  object space 59392K, 11% used [0x0000000081e00000,0x000000008249b040,0x0000000085800000)
 Metaspace       used 23466K, capacity 23740K, committed 24064K, reserved 1071104K
  class space    used 2916K, capacity 2991K, committed 3072K, reserved 1048576K
Event: 6.243 GC heap after
Heap after GC invocations=6 (full 1):
 PSYoungGen      total 71680K, used 5115K [0x00000000d5f80000, 0x00000000dd080000, 0x0000000100000000)
  eden space 66560K, 0% used [0x00000000d5f80000,0x00000000d5f80000,0x00000000da080000)
  from space 5120K, 99% used [0x00000000da080000,0x00000000da57ed08,0x00000000da580000)
  to   space 8192K, 0% used [0x00000000dc880000,0x00000000dc880000,0x00000000dd080000)
 ParOldGen       total 59392K, used 7359K [0x0000000081e00000, 0x0000000085800000, 0x00000000d5f80000)
  object space 59392K, 12% used [0x0000000081e00000,0x000000008252ffd8,0x0000000085800000)
 Metaspace       used 23466K, capacity 23740K, committed 24064K, reserved 1071104K
  class space    used 2916K, capacity 2991K, committed 3072K, reserved 1048576K
}

Deoptimization events (10 events):
Event: 4.259 Thread 0x0000000003317800 Uncommon trap: reason=unstable_if action=reinterpret pc=0x000000000b982664 method=java.io.WinNTFileSystem.normalize(Ljava/lang/String;)Ljava/lang/String; @ 128
Event: 4.270 Thread 0x0000000003317800 Uncommon trap: reason=bimorphic action=maybe_recompile pc=0x000000000bd05018 method=java.util.regex.Pattern$BmpCharProperty.match(Ljava/util/regex/Matcher;ILjava/lang/CharSequence;)Z @ 31
Event: 5.525 Thread 0x0000000003317800 Uncommon trap: reason=unstable_if action=reinterpret pc=0x000000000bd5d650 method=java.net.URLStreamHandler.parseURL(Ljava/net/URL;Ljava/lang/String;II)V @ 155
Event: 5.525 Thread 0x0000000003317800 Uncommon trap: reason=unstable_if action=reinterpret pc=0x000000000bd1307c method=java.net.URI.match(CJJ)Z @ 45
Event: 6.054 Thread 0x0000000003317800 Uncommon trap: reason=unstable_if action=reinterpret pc=0x000000000bddc55c method=java.util.LinkedList.node(I)Ljava/util/LinkedList$Node; @ 49
Event: 6.669 Thread 0x0000000003317800 Uncommon trap: reason=unstable_if action=reinterpret pc=0x000000000bc8c7f0 method=org.springframework.boot.bind.DefaultPropertyNamePatternsMatcher.matches(Ljava/lang/String;)Z @ 213
Event: 6.781 Thread 0x0000000003317800 Uncommon trap: reason=class_check action=maybe_recompile pc=0x000000000ba9b1d4 method=java.util.AbstractList$Itr.hasNext()Z @ 8
Event: 6.781 Thread 0x0000000003317800 Uncommon trap: reason=class_check action=maybe_recompile pc=0x000000000bc31304 method=java.util.AbstractList$Itr.next()Ljava/lang/Object; @ 14
Event: 7.019 Thread 0x0000000003317800 Uncommon trap: reason=unstable_if action=reinterpret pc=0x000000000bd89380 method=java.util.LinkedHashMap.get(Ljava/lang/Object;)Ljava/lang/Object; @ 20
Event: 7.037 Thread 0x0000000003317800 Uncommon trap: reason=unstable_if action=reinterpret pc=0x000000000b8a7d3c method=java.util.Properties.loadConvert([CII[C)Ljava/lang/String; @ 57

Internal exceptions (10 events):
Event: 6.743 Thread 0x0000000003317800 Exception <a 'java/lang/ClassNotFoundException': org/springframework/boot/autoconfigure/web/ErrorViewResolverCustomizer> (0x00000000d799ce88) thrown at [C:\re\workspace\8-2-build-windows-amd64-cygwin\jdk8u121\8372\hotspot\src\share\vm\classfile\systemDict
Event: 6.745 Thread 0x0000000003317800 Exception <a 'java/lang/ClassNotFoundException': org/springframework/core/OrderedCustomizer> (0x00000000d79b2e20) thrown at [C:\re\workspace\8-2-build-windows-amd64-cygwin\jdk8u121\8372\hotspot\src\share\vm\classfile\systemDictionary.cpp, line 210]
Event: 6.759 Thread 0x0000000003317800 Exception <a 'java/lang/ClassNotFoundException': java/lang/ObjectCustomizer> (0x00000000d7a58ca0) thrown at [C:\re\workspace\8-2-build-windows-amd64-cygwin\jdk8u121\8372\hotspot\src\share\vm\classfile\systemDictionary.cpp, line 210]
Event: 6.759 Thread 0x0000000003317800 Exception <a 'java/lang/ClassNotFoundException': org/springframework/boot/autoconfigure/web/ErrorMvcAutoConfigurationCustomizer> (0x00000000d7a78590) thrown at [C:\re\workspace\8-2-build-windows-amd64-cygwin\jdk8u121\8372\hotspot\src\share\vm\classfile\sy
Event: 6.760 Thread 0x0000000003317800 Exception <a 'java/lang/ClassNotFoundException': org/springframework/boot/autoconfigure/web/ErrorMvcAutoConfiguration$$EnhancerBySpringCGLIB$$81396c03Customizer> (0x00000000d7aa0418) thrown at [C:\re\workspace\8-2-build-windows-amd64-cygwin\jdk8u121\8372\
Event: 6.761 Thread 0x0000000003317800 Exception <a 'java/lang/ClassNotFoundException': org/springframework/context/annotation/ConfigurationClassEnhancer$EnhancedConfigurationCustomizer> (0x00000000d7acab10) thrown at [C:\re\workspace\8-2-build-windows-amd64-cygwin\jdk8u121\8372\hotspot\src\sh
Event: 6.770 Thread 0x0000000003317800 Exception <a 'java/lang/ClassNotFoundException': java/lang/ObjectCustomizer> (0x00000000d7b61c10) thrown at [C:\re\workspace\8-2-build-windows-amd64-cygwin\jdk8u121\8372\hotspot\src\share\vm\classfile\systemDictionary.cpp, line 210]
Event: 6.771 Thread 0x0000000003317800 Exception <a 'java/lang/ClassNotFoundException': org/springframework/boot/autoconfigure/web/ErrorMvcAutoConfiguration$ErrorPageCustomizerCustomizer> (0x00000000d7b86288) thrown at [C:\re\workspace\8-2-build-windows-amd64-cygwin\jdk8u121\8372\hotspot\src\s
Event: 6.773 Thread 0x0000000003317800 Exception <a 'java/lang/ClassNotFoundException': org/springframework/boot/web/servlet/ErrorPageRegistrarCustomizer> (0x00000000d7ba2e50) thrown at [C:\re\workspace\8-2-build-windows-amd64-cygwin\jdk8u121\8372\hotspot\src\share\vm\classfile\systemDictionar
Event: 6.774 Thread 0x0000000003317800 Exception <a 'java/lang/ClassNotFoundException': org/springframework/core/OrderedCustomizer> (0x00000000d7bb5be0) thrown at [C:\re\workspace\8-2-build-windows-amd64-cygwin\jdk8u121\8372\hotspot\src\share\vm\classfile\systemDictionary.cpp, line 210]

Events (10 events):
Event: 7.041 loading class org/apache/tomcat/util/net/NioEndpoint$SocketProcessor
Event: 7.041 loading class org/apache/tomcat/util/net/NioEndpoint$SocketProcessor done
Event: 7.041 loading class org/apache/tomcat/util/net/AbstractEndpoint$Acceptor
Event: 7.042 loading class org/apache/tomcat/util/net/AbstractEndpoint$Acceptor done
Event: 7.042 loading class org/apache/tomcat/util/net/NioEndpoint$Acceptor
Event: 7.042 loading class org/apache/tomcat/util/net/NioEndpoint$Acceptor done
Event: 7.042 loading class java/nio/channels/NetworkChannel
Event: 7.042 loading class java/nio/channels/NetworkChannel done
Event: 7.043 loading class org/apache/tomcat/util/net/LocalStrings
Event: 7.043 loading class org/apache/tomcat/util/net/LocalStrings done


Dynamic libraries:
0x00007ff75cb40000 - 0x00007ff75cb77000 	C:\Program Files\Java\jre8\bin\javaw.exe
0x00007fffbd090000 - 0x00007fffbd270000 	C:\WINDOWS\SYSTEM32\ntdll.dll
0x00007fffbce00000 - 0x00007fffbceae000 	C:\WINDOWS\System32\KERNEL32.DLL
0x00007fffb9490000 - 0x00007fffb96f6000 	C:\WINDOWS\System32\KERNELBASE.dll
0x0000000064bc0000 - 0x0000000064c55000 	C:\WINDOWS\System32\SYSFER.DLL
0x00007fffbcf80000 - 0x00007fffbd021000 	C:\WINDOWS\System32\ADVAPI32.dll
0x00007fffbcd50000 - 0x00007fffbcded000 	C:\WINDOWS\System32\msvcrt.dll
0x00007fffbbfc0000 - 0x00007fffbc01b000 	C:\WINDOWS\System32\sechost.dll
0x00007fffbc330000 - 0x00007fffbc44f000 	C:\WINDOWS\System32\RPCRT4.dll
0x0000000061650000 - 0x0000000061975000 	C:\ProgramData\Symantec\Symantec Endpoint Protection\14.2.1015.0100.105\Data\Definitions\IPSDefs\20190703.061\IPSEng64.dll
0x00007fffbc700000 - 0x00007fffbc708000 	C:\WINDOWS\System32\PSAPI.DLL
0x00007fffba870000 - 0x00007fffba9ff000 	C:\WINDOWS\System32\USER32.dll
0x00007fffb9760000 - 0x00007fffb9780000 	C:\WINDOWS\System32\win32u.dll
0x00007fffbd030000 - 0x00007fffbd058000 	C:\WINDOWS\System32\GDI32.dll
0x00007fffba1f0000 - 0x00007fffba383000 	C:\WINDOWS\System32\gdi32full.dll
0x00007fffb9fa0000 - 0x00007fffba03b000 	C:\WINDOWS\System32\msvcp_win.dll
0x00007fffba040000 - 0x00007fffba134000 	C:\WINDOWS\System32\ucrtbase.dll
0x00007fffb0a70000 - 0x00007fffb0cd9000 	C:\WINDOWS\WinSxS\amd64_microsoft.windows.common-controls_6595b64144ccf1df_6.0.16299.1217_none_0f8972685a6bd8f8\COMCTL32.dll
0x00007fffbc020000 - 0x00007fffbc326000 	C:\WINDOWS\System32\combase.dll
0x00007fffb9ed0000 - 0x00007fffb9f42000 	C:\WINDOWS\System32\bcryptPrimitives.dll
0x00007fffbc8c0000 - 0x00007fffbc8ed000 	C:\WINDOWS\System32\IMM32.DLL
0x0000000061570000 - 0x0000000061642000 	C:\Program Files\Java\jre8\bin\msvcr100.dll
0x0000000061a40000 - 0x00000000622db000 	C:\Program Files\Java\jre8\bin\server\jvm.dll
0x00007fffb7f60000 - 0x00007fffb7f69000 	C:\WINDOWS\SYSTEM32\WSOCK32.dll
0x00007fffbcf10000 - 0x00007fffbcf7c000 	C:\WINDOWS\System32\WS2_32.dll
0x00007fffb19d0000 - 0x00007fffb19f3000 	C:\WINDOWS\SYSTEM32\WINMM.dll
0x00007fffb4810000 - 0x00007fffb481a000 	C:\WINDOWS\SYSTEM32\VERSION.dll
0x00007fffb19a0000 - 0x00007fffb19ca000 	C:\WINDOWS\SYSTEM32\WINMMBASE.dll
0x00007fffb9f50000 - 0x00007fffb9f9a000 	C:\WINDOWS\System32\cfgmgr32.dll
0x00007fffa13c0000 - 0x00007fffa142a000 	C:\Program Files\Ford\Ford_Collection\prntm64.dll
0x00007fffba810000 - 0x00007fffba861000 	C:\WINDOWS\System32\SHLWAPI.dll
0x00007fffbc770000 - 0x00007fffbc8b9000 	C:\WINDOWS\System32\ole32.dll
0x00007fffbaa00000 - 0x00007fffbaac4000 	C:\WINDOWS\System32\OLEAUT32.dll
0x00007fffb3820000 - 0x00007fffb382c000 	C:\WINDOWS\SYSTEM32\Secur32.dll
0x00007fffb2b20000 - 0x00007fffb2ba6000 	C:\WINDOWS\SYSTEM32\WINSPOOL.DRV
0x00007fff625c0000 - 0x00007fff626af000 	C:\Program Files\Java\jre8\bin\MSVCR120.dll
0x00007fff62510000 - 0x00007fff625b6000 	C:\Program Files\Java\jre8\bin\MSVCP120.dll
0x00007fffb8a00000 - 0x00007fffb8a39000 	C:\WINDOWS\SYSTEM32\IPHLPAPI.DLL
0x00007fffb8f40000 - 0x00007fffb8f65000 	C:\WINDOWS\SYSTEM32\bcrypt.dll
0x00007fffb9310000 - 0x00007fffb9340000 	C:\WINDOWS\SYSTEM32\SSPICLI.DLL
0x0000000063990000 - 0x000000006399f000 	C:\Program Files\Java\jre8\bin\verify.dll
0x0000000061a10000 - 0x0000000061a39000 	C:\Program Files\Java\jre8\bin\java.dll
0x00000000619f0000 - 0x0000000061a06000 	C:\Program Files\Java\jre8\bin\zip.dll
0x00007fffbab80000 - 0x00007fffbbfb8000 	C:\WINDOWS\System32\SHELL32.dll
0x00007fffbaad0000 - 0x00007fffbab76000 	C:\WINDOWS\System32\shcore.dll
0x00007fffb9780000 - 0x00007fffb9ec7000 	C:\WINDOWS\System32\windows.storage.dll
0x00007fffb9450000 - 0x00007fffb9461000 	C:\WINDOWS\System32\kernel.appcore.dll
0x00007fffb93e0000 - 0x00007fffb942c000 	C:\WINDOWS\System32\powrprof.dll
0x00007fffb9430000 - 0x00007fffb944b000 	C:\WINDOWS\System32\profapi.dll
0x00000000619d0000 - 0x00000000619ea000 	C:\Program Files\Java\jre8\bin\net.dll
0x00007fffb8c70000 - 0x00007fffb8cd6000 	C:\WINDOWS\system32\mswsock.dll
0x00007fffbcdf0000 - 0x00007fffbcdf8000 	C:\WINDOWS\System32\NSI.dll
0x00007fffb4d70000 - 0x00007fffb4d86000 	C:\WINDOWS\SYSTEM32\dhcpcsvc6.DLL
0x00007fffb4a90000 - 0x00007fffb4aaa000 	C:\WINDOWS\SYSTEM32\dhcpcsvc.DLL
0x00007fffb8a50000 - 0x00007fffb8b06000 	C:\WINDOWS\SYSTEM32\DNSAPI.dll
0x00007fffb0120000 - 0x00007fffb0141000 	C:\WINDOWS\FireEye\NamespaceToEvents.dll
0x00007fffb0e80000 - 0x00007fffb0e8a000 	C:\Windows\System32\rasadhlp.dll
0x00007fffb4ce0000 - 0x00007fffb4d50000 	C:\WINDOWS\System32\fwpuclnt.dll
0x0000000063980000 - 0x000000006398d000 	C:\Program Files\Java\jre8\bin\management.dll
0x00007fff9e890000 - 0x00007fff9e8a6000 	C:\WINDOWS\system32\napinsp.dll
0x00007fff9e870000 - 0x00007fff9e88a000 	C:\WINDOWS\system32\pnrpnsp.dll
0x00007fffb3c30000 - 0x00007fffb3c48000 	C:\WINDOWS\system32\NLAapi.dll
0x00007fff9fc30000 - 0x00007fff9fc3e000 	C:\WINDOWS\System32\winrnr.dll
0x00000000619b0000 - 0x00000000619c1000 	C:\Program Files\Java\jre8\bin\nio.dll
0x00007fffb8e30000 - 0x00007fffb8e47000 	C:\WINDOWS\SYSTEM32\CRYPTSP.dll
0x00007fffb85f0000 - 0x00007fffb8623000 	C:\WINDOWS\system32\rsaenh.dll
0x00007fffb92e0000 - 0x00007fffb9309000 	C:\WINDOWS\SYSTEM32\USERENV.dll
0x00007fffb8e50000 - 0x00007fffb8e5b000 	C:\WINDOWS\SYSTEM32\CRYPTBASE.dll

VM Arguments:
jvm_args: -Dfile.encoding=Cp1252 
java_command: br.com.viavarejo.Application
java_class_path (initial): C:\Users\tfreita2\Documents\workspace-spring-tool-suite-4-4.2.1.RELEASE\Receiving\compra-viavarejo\bin\main;C:\Users\tfreita2\.gradle\caches\modules-2\files-2.1\org.springframework.boot\spring-boot-starter-web\1.5.13.RELEASE\4f77e9c01c13dfe035ebc4b6482da57b5e590b9b\spring-boot-starter-web-1.5.13.RELEASE.jar;C:\Users\tfreita2\.gradle\caches\modules-2\files-2.1\org.springframework.cloud\spring-cloud-starter-feign\1.4.4.RELEASE\bb2f0c33c472eefffb6713107a5a3a32f87a92f0\spring-cloud-starter-feign-1.4.4.RELEASE.jar;C:\Users\tfreita2\.gradle\caches\modules-2\files-2.1\org.springframework.cloud\spring-cloud-starter-openfeign\1.4.4.RELEASE\da3e16319f10a8b3a977242858e0c2caa90c1bae\spring-cloud-starter-openfeign-1.4.4.RELEASE.jar;C:\Users\tfreita2\.gradle\caches\modules-2\files-2.1\org.springframework.cloud\spring-cloud-starter-netflix-ribbon\1.4.4.RELEASE\5fe3de6e26fe49604baf489b1dc8af92a37258d7\spring-cloud-starter-netflix-ribbon-1.4.4.RELEASE.jar;C:\Users\tfreita2\.gradle\caches\modules-2\files-2.1\org.springframework.cloud\spring-cloud-starter-netflix-archaius\1.4.4.RELEASE\b1312bfa4f2d0101bf2d6e79d7e9b2dd292a3bd8\spring-cloud-starter-netflix-archaius-1.4.4.RELEASE.jar;C:\Users\tfreita2\.gradle\caches\modules-2\files-2.1\org.springframework.cloud\spring-cloud-starter\1.3.3.RELEASE\6abb60b4db4b1a4879fa995b9987e6033ace9202\spring-cloud-starter-1.3.3.RELEASE.jar;C:\Users\tfreita2\.gradle\caches\modules-2\files-2.1\org.springframework.boot\spring-boot-starter\1.5.13.RELEASE\908f50d2df2fc4c7db1753da43d2de9c6d16d0e5\spring-boot-starter-1.5.13.RELEASE.jar;C:\Users\tfreita2\.gradle\caches\modules-2\files-2.1\org.springframework.boot\spring-boot-starter-tomcat\1.5.13.RELEASE\880f4c4af539e228091babfb0e5aaea18130f6f6\spring-boot-starter-tomcat-1.5.13.RELEASE.jar;C:\Users\tfreita2\.gradle\caches\modules-2\files-2.1\org.hibernate\hibernate-validator\5.3.6.Final\4c730be8bf55a8e9a61e79a2f2c079abf48b718\hibernate-validator-5.3.6.Final.jar;C:\Users\tfreita2\.gr
Launcher Type: SUN_STANDARD

Environment Variables:
JAVA_HOME=C:\Ford\jdk1.8.0_152\jre
PATH=C:/Program Files/Java/jre8/bin/server;C:/Program Files/Java/jre8/bin;C:/Program Files/Java/jre8/lib/amd64;C:\Program Files (x86)\Intel\iCLS Client\;C:\Program Files\Intel\iCLS Client\;C:\ProgramData\Oracle\Java\javapath;C:\Program Files (x86)\RSA SecurID Token Common;C:\Program Files\RSA SecurID Token Common;C:\WINDOWS\system32;C:\WINDOWS;C:\WINDOWS\System32\Wbem;C:\WINDOWS\System32\WindowsPowerShell\v1.0\;C:\Program Files\Intel\WiFi\bin\;C:\Program Files\Common Files\Intel\WirelessCommon\;C:\Program Files\7-Zip;C:\Program Files (x86)\Intel\Intel(R) Management Engine Components\DAL;C:\Program Files\Intel\Intel(R) Management Engine Components\DAL;C:\Program Files (x86)\Intel\Intel(R) Management Engine Components\IPT;C:\Program Files\Intel\Intel(R) Management Engine Components\IPT;C:\Program Files (x86)\Microsoft SQL Server\Client SDK\ODBC\130\Tools\Binn\;C:\Program Files (x86)\Microsoft SQL Server\130\Tools\Binn\;C:\Program Files (x86)\Microsoft SQL Server\130\DTS\Binn\;C:\Program Files (x86)\Microsoft SQL Server\130\Tools\Binn\ManagementStudio\;C:\Ford\gradle-4.1\bin;C:\Ford\jdk1.8.0_152\jre\bin;C:\Program Files (x86)\Webex\Webex\Applications;C:\Users\tfreita2\Documents\Development\gradle\gradle-5.4.1\bin;C:\Users\tfreita2\AppData\Local\Microsoft\WindowsApps;C:\Users\tfreita2\AppData\Local\Programs\Git\cmd;C:\Users\tfreita2\AppData\Roaming\Cloud Foundry;C:\Users\tfreita2\Documents\Development\IDE\sts-4.2.1.RELEASE;
USERNAME=TFREITA2
OS=Windows_NT
PROCESSOR_IDENTIFIER=Intel64 Family 6 Model 61 Stepping 4, GenuineIntel



---------------  S Y S T E M  ---------------

OS: Windows 10.0 , 64 bit Build 16299 (10.0.16299.1146)

CPU:total 4 (2 cores per cpu, 2 threads per core) family 6 model 61 stepping 4, cmov, cx8, fxsr, mmx, sse, sse2, sse3, ssse3, sse4.1, sse4.2, popcnt, avx, avx2, aes, clmul, erms, rtm, 3dnowpref, lzcnt, ht, tsc, tscinvbit, bmi1, bmi2, adx

Memory: 4k page, physical 8257820k(836420k free), swap 23480472k(6072k free)

vm_info: Java HotSpot(TM) 64-Bit Server VM (25.121-b13) for windows-amd64 JRE (1.8.0_121-b13), built on Dec 12 2016 18:21:36 by "java_re" with MS VC++ 10.0 (VS2010)

time: Fri Jul 05 14:09:30 2019
elapsed time: 7 seconds (0d 0h 0m 7s)

