#
# There is insufficient memory for the Java Runtime Environment to continue.
# Native memory allocation (malloc) failed to allocate 449136 bytes for Chunk::new
# Possible reasons:
#   The system is out of physical RAM or swap space
#   In 32 bit mode, the process size limit was hit
# Possible solutions:
#   Reduce memory load on the system
#   Increase physical memory or swap space
#   Check if swap backing store is full
#   Use 64 bit Java on a 64 bit OS
#   Decrease Java heap size (-Xmx/-Xms)
#   Decrease number of Java threads
#   Decrease Java thread stack sizes (-Xss)
#   Set larger code cache with -XX:ReservedCodeCacheSize=
# This output file may be truncated or incomplete.
#
#  Out of Memory Error (allocation.cpp:390), pid=12368, tid=0x0000000000004e4c
#
# JRE version: Java(TM) SE Runtime Environment (8.0_121-b13) (build 1.8.0_121-b13)
# Java VM: Java HotSpot(TM) 64-Bit Server VM (25.121-b13 mixed mode windows-amd64 compressed oops)
# Failed to write core dump. Minidumps are not enabled by default on client versions of Windows
#

---------------  T H R E A D  ---------------

Current thread (0x0000000008f7a000):  JavaThread "C2 CompilerThread1" daemon [_thread_in_native, id=20044, stack(0x000000001b6d0000,0x000000001b7d0000)]

Stack: [0x000000001b6d0000,0x000000001b7d0000]
[error occurred during error reporting (printing stack bounds), id 0xc0000005]

Native frames: (J=compiled Java code, j=interpreted, Vv=VM code, C=native code)


Current CompileTask:
C2:   7946 3254       4       org.springframework.asm.MethodWriter::visitMaxs (1144 bytes)


---------------  P R O C E S S  ---------------

Java Threads: ( => current thread )
  0x000000001f1a4800 JavaThread "container-0" [_thread_blocked, id=21844, stack(0x00000000214e0000,0x00000000215e0000)]
  0x000000001cd55800 JavaThread "ContainerBackgroundProcessor[StandardEngine[Tomcat]]" daemon [_thread_blocked, id=23976, stack(0x00000000213e0000,0x00000000214e0000)]
  0x000000001f999000 JavaThread "localhost-startStop-1" daemon [_thread_blocked, id=9080, stack(0x00000000210e0000,0x00000000211e0000)]
  0x000000001ef29800 JavaThread "Tomcat-startStop-1" daemon [_thread_blocked, id=22684, stack(0x0000000020fe0000,0x00000000210e0000)]
  0x000000001b900800 JavaThread "Service Thread" daemon [_thread_blocked, id=21292, stack(0x000000001bcd0000,0x000000001bdd0000)]
  0x0000000008f7d000 JavaThread "C1 CompilerThread2" daemon [_thread_blocked, id=2296, stack(0x000000001b7d0000,0x000000001b8d0000)]
=>0x0000000008f7a000 JavaThread "C2 CompilerThread1" daemon [_thread_in_native, id=20044, stack(0x000000001b6d0000,0x000000001b7d0000)]
  0x0000000008f78000 JavaThread "C2 CompilerThread0" daemon [_thread_in_native, id=20552, stack(0x000000001b5d0000,0x000000001b6d0000)]
  0x0000000008f76000 JavaThread "Attach Listener" daemon [_thread_blocked, id=16796, stack(0x000000001b4d0000,0x000000001b5d0000)]
  0x0000000008f72800 JavaThread "Signal Dispatcher" daemon [_thread_blocked, id=25788, stack(0x000000001b3d0000,0x000000001b4d0000)]
  0x0000000008f60000 JavaThread "Finalizer" daemon [_thread_blocked, id=15784, stack(0x000000001b1e0000,0x000000001b2e0000)]
  0x00000000037f8000 JavaThread "Reference Handler" daemon [_thread_blocked, id=14024, stack(0x000000001b0e0000,0x000000001b1e0000)]
  0x0000000003707800 JavaThread "main" [_thread_in_vm, id=25368, stack(0x000000000ba30000,0x000000000bb30000)]

Other Threads:
  0x0000000008f36800 VMThread [stack: 0x000000001afe0000,0x000000001b0e0000] [id=10168]
  0x000000001b967800 WatcherThread [stack: 0x000000001bdd0000,0x000000001bed0000] [id=12492]

VM state:not at safepoint (normal execution)

VM Mutex/Monitor currently owned by a thread: None

Heap:
 PSYoungGen      total 110080K, used 50939K [0x00000000d5f80000, 0x00000000dda00000, 0x0000000100000000)
  eden space 101888K, 41% used [0x00000000d5f80000,0x00000000d8942f70,0x00000000dc300000)
  from space 8192K, 99% used [0x00000000dcd80000,0x00000000dd57bfe0,0x00000000dd580000)
  to   space 10752K, 0% used [0x00000000dc300000,0x00000000dc300000,0x00000000dcd80000)
 ParOldGen       total 57344K, used 10895K [0x0000000081e00000, 0x0000000085600000, 0x00000000d5f80000)
  object space 57344K, 18% used [0x0000000081e00000,0x00000000828a3c68,0x0000000085600000)
 Metaspace       used 28672K, capacity 29020K, committed 29312K, reserved 1075200K
  class space    used 3565K, capacity 3647K, committed 3712K, reserved 1048576K

Card table byte_map: [0x0000000003be0000,0x0000000003fe0000] byte_map_base: 0x00000000037d1000

Marking Bits: (ParMarkBitMap*) 0x000000006225b6d0
 Begin Bits: [0x0000000004290000, 0x0000000006218000)
 End Bits:   [0x0000000006218000, 0x00000000081a0000)

Polling page: 0x0000000000fc0000

CodeCache: size=245760Kb used=10313Kb max_used=11224Kb free=235446Kb
 bounds [0x000000000bbe0000, 0x000000000c700000, 0x000000001abe0000]
 total_blobs=3217 nmethods=2820 adapters=309
 compilation: enabled

Compilation events (10 events):
Event: 7.923 Thread 0x0000000008f7d000 nmethod 3273 0x000000000bf47b50 code [0x000000000bf47d20, 0x000000000bf484f8]
Event: 7.924 Thread 0x0000000008f7d000 3275       3       org.springframework.cglib.reflect.FastClassEmitter$GetIndexCallback::processCase (31 bytes)
Event: 7.925 Thread 0x0000000008f7d000 nmethod 3275 0x000000000bd14f90 code [0x000000000bd15160, 0x000000000bd15868]
Event: 7.926 Thread 0x0000000008f7d000 3276       3       org.springframework.cglib.core.CodeEmitter::invoke (92 bytes)
Event: 7.927 Thread 0x0000000008f7d000 nmethod 3276 0x000000000bdbcb10 code [0x000000000bdbcd60, 0x000000000bdbda98]
Event: 7.928 Thread 0x0000000008f7d000 3277       3       org.springframework.cglib.reflect.FastClassEmitter$4::processCase (113 bytes)
Event: 7.929 Thread 0x0000000008f7d000 nmethod 3277 0x000000000beaed10 code [0x000000000beaf000, 0x000000000beb0458]
Event: 7.932 Thread 0x0000000008f7d000 3278   !   3       java.util.ArrayList$Itr::remove (68 bytes)
Event: 7.933 Thread 0x0000000008f7d000 nmethod 3278 0x000000000bd9a210 code [0x000000000bd9a3c0, 0x000000000bd9a998]
Event: 7.936 Thread 0x0000000008f7d000 3279       3       org.springframework.cglib.core.EmitUtils$14::<init> (38 bytes)

GC Heap History (10 events):
Event: 3.358 GC heap before
{Heap before GC invocations=3 (full 0):
 PSYoungGen      total 38400K, used 38378K [0x00000000d5f80000, 0x00000000daa80000, 0x0000000100000000)
  eden space 33280K, 100% used [0x00000000d5f80000,0x00000000d8000000,0x00000000d8000000)
  from space 5120K, 99% used [0x00000000d8500000,0x00000000d89faa48,0x00000000d8a00000)
  to   space 5120K, 0% used [0x00000000d8000000,0x00000000d8000000,0x00000000d8500000)
 ParOldGen       total 87552K, used 2296K [0x0000000081e00000, 0x0000000087380000, 0x00000000d5f80000)
  object space 87552K, 2% used [0x0000000081e00000,0x000000008203e118,0x0000000087380000)
 Metaspace       used 17895K, capacity 18032K, committed 18176K, reserved 1064960K
  class space    used 2220K, capacity 2253K, committed 2304K, reserved 1048576K
Event: 3.371 GC heap after
Heap after GC invocations=3 (full 0):
 PSYoungGen      total 38400K, used 5103K [0x00000000d5f80000, 0x00000000daa80000, 0x0000000100000000)
  eden space 33280K, 0% used [0x00000000d5f80000,0x00000000d5f80000,0x00000000d8000000)
  from space 5120K, 99% used [0x00000000d8000000,0x00000000d84fbf38,0x00000000d8500000)
  to   space 5120K, 0% used [0x00000000da580000,0x00000000da580000,0x00000000daa80000)
 ParOldGen       total 87552K, used 4076K [0x0000000081e00000, 0x0000000087380000, 0x00000000d5f80000)
  object space 87552K, 4% used [0x0000000081e00000,0x00000000821fb020,0x0000000087380000)
 Metaspace       used 17895K, capacity 18032K, committed 18176K, reserved 1064960K
  class space    used 2220K, capacity 2253K, committed 2304K, reserved 1048576K
}
Event: 4.225 GC heap before
{Heap before GC invocations=4 (full 0):
 PSYoungGen      total 38400K, used 36073K [0x00000000d5f80000, 0x00000000daa80000, 0x0000000100000000)
  eden space 33280K, 93% used [0x00000000d5f80000,0x00000000d7dbe878,0x00000000d8000000)
  from space 5120K, 99% used [0x00000000d8000000,0x00000000d84fbf38,0x00000000d8500000)
  to   space 5120K, 0% used [0x00000000da580000,0x00000000da580000,0x00000000daa80000)
 ParOldGen       total 87552K, used 4076K [0x0000000081e00000, 0x0000000087380000, 0x00000000d5f80000)
  object space 87552K, 4% used [0x0000000081e00000,0x00000000821fb020,0x0000000087380000)
 Metaspace       used 20853K, capacity 21064K, committed 21248K, reserved 1067008K
  class space    used 2611K, capacity 2689K, committed 2816K, reserved 1048576K
Event: 4.240 GC heap after
Heap after GC invocations=4 (full 0):
 PSYoungGen      total 71680K, used 5099K [0x00000000d5f80000, 0x00000000daa80000, 0x0000000100000000)
  eden space 66560K, 0% used [0x00000000d5f80000,0x00000000d5f80000,0x00000000da080000)
  from space 5120K, 99% used [0x00000000da580000,0x00000000daa7ad30,0x00000000daa80000)
  to   space 5120K, 0% used [0x00000000da080000,0x00000000da080000,0x00000000da580000)
 ParOldGen       total 87552K, used 5800K [0x0000000081e00000, 0x0000000087380000, 0x00000000d5f80000)
  object space 87552K, 6% used [0x0000000081e00000,0x00000000823aa088,0x0000000087380000)
 Metaspace       used 20853K, capacity 21064K, committed 21248K, reserved 1067008K
  class space    used 2611K, capacity 2689K, committed 2816K, reserved 1048576K
}
Event: 4.240 GC heap before
{Heap before GC invocations=5 (full 1):
 PSYoungGen      total 71680K, used 5099K [0x00000000d5f80000, 0x00000000daa80000, 0x0000000100000000)
  eden space 66560K, 0% used [0x00000000d5f80000,0x00000000d5f80000,0x00000000da080000)
  from space 5120K, 99% used [0x00000000da580000,0x00000000daa7ad30,0x00000000daa80000)
  to   space 5120K, 0% used [0x00000000da080000,0x00000000da080000,0x00000000da580000)
 ParOldGen       total 87552K, used 5800K [0x0000000081e00000, 0x0000000087380000, 0x00000000d5f80000)
  object space 87552K, 6% used [0x0000000081e00000,0x00000000823aa088,0x0000000087380000)
 Metaspace       used 20853K, capacity 21064K, committed 21248K, reserved 1067008K
  class space    used 2611K, capacity 2689K, committed 2816K, reserved 1048576K
Event: 4.285 GC heap after
Heap after GC invocations=5 (full 1):
 PSYoungGen      total 71680K, used 0K [0x00000000d5f80000, 0x00000000daa80000, 0x0000000100000000)
  eden space 66560K, 0% used [0x00000000d5f80000,0x00000000d5f80000,0x00000000da080000)
  from space 5120K, 0% used [0x00000000da580000,0x00000000da580000,0x00000000daa80000)
  to   space 5120K, 0% used [0x00000000da080000,0x00000000da080000,0x00000000da580000)
 ParOldGen       total 57344K, used 6766K [0x0000000081e00000, 0x0000000085600000, 0x00000000d5f80000)
  object space 57344K, 11% used [0x0000000081e00000,0x000000008249b8b8,0x0000000085600000)
 Metaspace       used 20853K, capacity 21064K, committed 21248K, reserved 1067008K
  class space    used 2611K, capacity 2689K, committed 2816K, reserved 1048576K
}
Event: 5.532 GC heap before
{Heap before GC invocations=6 (full 1):
 PSYoungGen      total 71680K, used 66560K [0x00000000d5f80000, 0x00000000daa80000, 0x0000000100000000)
  eden space 66560K, 100% used [0x00000000d5f80000,0x00000000da080000,0x00000000da080000)
  from space 5120K, 0% used [0x00000000da580000,0x00000000da580000,0x00000000daa80000)
  to   space 5120K, 0% used [0x00000000da080000,0x00000000da080000,0x00000000da580000)
 ParOldGen       total 57344K, used 6766K [0x0000000081e00000, 0x0000000085600000, 0x00000000d5f80000)
  object space 57344K, 11% used [0x0000000081e00000,0x000000008249b8b8,0x0000000085600000)
 Metaspace       used 23451K, capacity 23676K, committed 24064K, reserved 1071104K
  class space    used 2923K, capacity 2991K, committed 3072K, reserved 1048576K
Event: 5.547 GC heap after
Heap after GC invocations=6 (full 1):
 PSYoungGen      total 71680K, used 5107K [0x00000000d5f80000, 0x00000000dd580000, 0x0000000100000000)
  eden space 66560K, 0% used [0x00000000d5f80000,0x00000000d5f80000,0x00000000da080000)
  from space 5120K, 99% used [0x00000000da080000,0x00000000da57cc50,0x00000000da580000)
  to   space 8192K, 0% used [0x00000000dcd80000,0x00000000dcd80000,0x00000000dd580000)
 ParOldGen       total 57344K, used 7450K [0x0000000081e00000, 0x0000000085600000, 0x00000000d5f80000)
  object space 57344K, 12% used [0x0000000081e00000,0x0000000082546848,0x0000000085600000)
 Metaspace       used 23451K, capacity 23676K, committed 24064K, reserved 1071104K
  class space    used 2923K, capacity 2991K, committed 3072K, reserved 1048576K
}
Event: 7.037 GC heap before
{Heap before GC invocations=7 (full 1):
 PSYoungGen      total 71680K, used 71667K [0x00000000d5f80000, 0x00000000dd580000, 0x0000000100000000)
  eden space 66560K, 100% used [0x00000000d5f80000,0x00000000da080000,0x00000000da080000)
  from space 5120K, 99% used [0x00000000da080000,0x00000000da57cc50,0x00000000da580000)
  to   space 8192K, 0% used [0x00000000dcd80000,0x00000000dcd80000,0x00000000dd580000)
 ParOldGen       total 57344K, used 7450K [0x0000000081e00000, 0x0000000085600000, 0x00000000d5f80000)
  object space 57344K, 12% used [0x0000000081e00000,0x0000000082546848,0x0000000085600000)
 Metaspace       used 27554K, capacity 27842K, committed 28160K, reserved 1073152K
  class space    used 3415K, capacity 3504K, committed 3584K, reserved 1048576K
Event: 7.056 GC heap after
Heap after GC invocations=7 (full 1):
 PSYoungGen      total 110080K, used 8175K [0x00000000d5f80000, 0x00000000dda00000, 0x0000000100000000)
  eden space 101888K, 0% used [0x00000000d5f80000,0x00000000d5f80000,0x00000000dc300000)
  from space 8192K, 99% used [0x00000000dcd80000,0x00000000dd57bfe0,0x00000000dd580000)
  to   space 10752K, 0% used [0x00000000dc300000,0x00000000dc300000,0x00000000dcd80000)
 ParOldGen       total 57344K, used 10895K [0x0000000081e00000, 0x0000000085600000, 0x00000000d5f80000)
  object space 57344K, 18% used [0x0000000081e00000,0x00000000828a3c68,0x0000000085600000)
 Metaspace       used 27554K, capacity 27842K, committed 28160K, reserved 1073152K
  class space    used 3415K, capacity 3504K, committed 3584K, reserved 1048576K
}

Deoptimization events (10 events):
Event: 6.901 Thread 0x000000001f999000 Uncommon trap: reason=unstable_if action=reinterpret pc=0x000000000c6ddbfc method=java.lang.StringCoding.decode(Ljava/lang/String;[BII)[C @ 38
Event: 7.224 Thread 0x000000001f999000 Uncommon trap: reason=unstable_if action=reinterpret pc=0x000000000bcf6920 method=java.util.Properties$LineReader.readLine()I @ 180
Event: 7.273 Thread 0x000000001f999000 Uncommon trap: reason=unstable_if action=reinterpret pc=0x000000000c3398e4 method=org.springframework.util.ConcurrentReferenceHashMap$Segment.findInChain(Lorg/springframework/util/ConcurrentReferenceHashMap$Reference;Ljava/lang/Object;I)Lorg/springframewo
Event: 7.273 Thread 0x000000001f999000 Uncommon trap: reason=unstable_if action=reinterpret pc=0x000000000c33a1e8 method=org.springframework.util.ConcurrentReferenceHashMap$Segment.findInChain(Lorg/springframework/util/ConcurrentReferenceHashMap$Reference;Ljava/lang/Object;I)Lorg/springframewo
Event: 7.516 Thread 0x0000000003707800 Uncommon trap: reason=bimorphic action=maybe_recompile pc=0x000000000c377950 method=java.util.Hashtable.get(Ljava/lang/Object;)Ljava/lang/Object; @ 6
Event: 7.517 Thread 0x0000000003707800 Uncommon trap: reason=bimorphic action=maybe_recompile pc=0x000000000c377950 method=java.util.Hashtable.get(Ljava/lang/Object;)Ljava/lang/Object; @ 6
Event: 7.817 Thread 0x0000000003707800 Uncommon trap: reason=unstable_if action=reinterpret pc=0x000000000bec0cd4 method=org.springframework.asm.Frame.merge(Lorg/springframework/asm/ClassWriter;I[II)Z @ 80
Event: 7.818 Thread 0x0000000003707800 Uncommon trap: reason=unstable_if action=reinterpret pc=0x000000000c5c98a4 method=org.springframework.asm.Frame.merge(Lorg/springframework/asm/ClassWriter;I[II)Z @ 80
Event: 7.822 Thread 0x0000000003707800 Uncommon trap: reason=unstable_if action=reinterpret pc=0x000000000bd897d8 method=org.springframework.asm.MethodWriter.visitMethodInsn(ILjava/lang/String;Ljava/lang/String;Ljava/lang/String;Z)V @ 37
Event: 7.831 Thread 0x0000000003707800 Uncommon trap: reason=unstable_if action=reinterpret pc=0x000000000c5a086c method=org.springframework.asm.Type.getDescriptor(Ljava/lang/StringBuilder;Ljava/lang/Class;)V @ 39

Internal exceptions (10 events):
Event: 7.867 Thread 0x0000000003707800 Exception <a 'java/lang/ClassNotFoundException': org/springframework/cloud/netflix/rx/RxJavaAutoConfiguration$RxJavaReturnValueHandlerConfigCustomizer> (0x00000000d8548468) thrown at [C:\re\workspace\8-2-build-windows-amd64-cygwin\jdk8u121\8372\hotspot\sr
Event: 7.868 Thread 0x0000000003707800 Exception <a 'java/lang/ClassNotFoundException': org/springframework/cloud/netflix/rx/RxJavaAutoConfiguration$RxJavaReturnValueHandlerConfig$$EnhancerBySpringCGLIB$$2906c538Customizer> (0x00000000d8578d60) thrown at [C:\re\workspace\8-2-build-windows-amd6
Event: 7.870 Thread 0x0000000003707800 Exception <a 'java/lang/ClassNotFoundException': org/springframework/context/annotation/ConfigurationClassEnhancer$EnhancedConfigurationCustomizer> (0x00000000d85a4a60) thrown at [C:\re\workspace\8-2-build-windows-amd64-cygwin\jdk8u121\8372\hotspot\src\sh
Event: 7.898 Thread 0x0000000003707800 Exception <a 'java/lang/ClassNotFoundException': java/lang/ObjectCustomizer> (0x00000000d868d6c0) thrown at [C:\re\workspace\8-2-build-windows-amd64-cygwin\jdk8u121\8372\hotspot\src\share\vm\classfile\systemDictionary.cpp, line 210]
Event: 7.900 Thread 0x0000000003707800 Exception <a 'java/lang/ClassNotFoundException': org/springframework/cloud/netflix/rx/SingleReturnValueHandlerCustomizer> (0x00000000d86ac658) thrown at [C:\re\workspace\8-2-build-windows-amd64-cygwin\jdk8u121\8372\hotspot\src\share\vm\classfile\systemDic
Event: 7.902 Thread 0x0000000003707800 Exception <a 'java/lang/ClassNotFoundException': org/springframework/web/method/support/AsyncHandlerMethodReturnValueHandlerCustomizer> (0x00000000d86cf5a0) thrown at [C:\re\workspace\8-2-build-windows-amd64-cygwin\jdk8u121\8372\hotspot\src\share\vm\class
Event: 7.904 Thread 0x0000000003707800 Exception <a 'java/lang/ClassNotFoundException': java/lang/ObjectCustomizer> (0x00000000d86df418) thrown at [C:\re\workspace\8-2-build-windows-amd64-cygwin\jdk8u121\8372\hotspot\src\share\vm\classfile\systemDictionary.cpp, line 210]
Event: 7.905 Thread 0x0000000003707800 Exception <a 'java/lang/ClassNotFoundException': org/springframework/web/servlet/config/annotation/WebMvcConfigurerAdapterCustomizer> (0x00000000d8701858) thrown at [C:\re\workspace\8-2-build-windows-amd64-cygwin\jdk8u121\8372\hotspot\src\share\vm\classfi
Event: 7.911 Thread 0x0000000003707800 Exception <a 'java/lang/ClassNotFoundException': org/springframework/cloud/netflix/rx/RxJavaAutoConfiguration$RxJavaReturnValueHandlerConfig$1Customizer> (0x00000000d8732818) thrown at [C:\re\workspace\8-2-build-windows-amd64-cygwin\jdk8u121\8372\hotspot\
Event: 7.912 Thread 0x0000000003707800 Exception <a 'java/lang/ClassNotFoundException': org/springframework/web/servlet/config/annotation/WebMvcConfigurerCustomizer> (0x00000000d8753b78) thrown at [C:\re\workspace\8-2-build-windows-amd64-cygwin\jdk8u121\8372\hotspot\src\share\vm\classfile\syst

Events (10 events):
Event: 7.906 loading class org/springframework/cloud/netflix/rx/RxJavaAutoConfiguration$RxJavaReturnValueHandlerConfig$1Customizer
Event: 7.906 loading class org/springframework/cloud/netflix/rx/RxJavaAutoConfiguration$RxJavaReturnValueHandlerConfig$1Customizer done
Event: 7.907 loading class org/springframework/cloud/netflix/rx/RxJavaAutoConfiguration$RxJavaReturnValueHandlerConfig$1Customizer
Event: 7.911 loading class org/springframework/cloud/netflix/rx/RxJavaAutoConfiguration$RxJavaReturnValueHandlerConfig$1Customizer done
Event: 7.911 loading class org/springframework/web/servlet/config/annotation/WebMvcConfigurerCustomizer
Event: 7.911 loading class org/springframework/web/servlet/config/annotation/WebMvcConfigurerCustomizer done
Event: 7.912 loading class org/springframework/web/servlet/config/annotation/WebMvcConfigurerCustomizer
Event: 7.912 loading class org/springframework/web/servlet/config/annotation/WebMvcConfigurerCustomizer done
Event: 7.912 loading class org/springframework/web/servlet/config/annotation/WebMvcConfigurerCustomizer
Event: 7.912 loading class org/springframework/web/servlet/config/annotation/WebMvcConfigurerCustomizer done


Dynamic libraries:
0x00007ff75cb40000 - 0x00007ff75cb77000 	C:\Program Files\Java\jre8\bin\javaw.exe
0x00007fffbd090000 - 0x00007fffbd270000 	C:\WINDOWS\SYSTEM32\ntdll.dll
0x00007fffbce00000 - 0x00007fffbceae000 	C:\WINDOWS\System32\KERNEL32.DLL
0x00007fffb9490000 - 0x00007fffb96f6000 	C:\WINDOWS\System32\KERNELBASE.dll
0x0000000064bc0000 - 0x0000000064c55000 	C:\WINDOWS\System32\SYSFER.DLL
0x00007fffbcf80000 - 0x00007fffbd021000 	C:\WINDOWS\System32\ADVAPI32.dll
0x00007fffbcd50000 - 0x00007fffbcded000 	C:\WINDOWS\System32\msvcrt.dll
0x00007fffbbfc0000 - 0x00007fffbc01b000 	C:\WINDOWS\System32\sechost.dll
0x00007fffbc330000 - 0x00007fffbc44f000 	C:\WINDOWS\System32\RPCRT4.dll
0x0000000061650000 - 0x0000000061975000 	C:\ProgramData\Symantec\Symantec Endpoint Protection\14.2.1015.0100.105\Data\Definitions\IPSDefs\20190703.061\IPSEng64.dll
0x00007fffbc700000 - 0x00007fffbc708000 	C:\WINDOWS\System32\PSAPI.DLL
0x00007fffba870000 - 0x00007fffba9ff000 	C:\WINDOWS\System32\USER32.dll
0x00007fffb9760000 - 0x00007fffb9780000 	C:\WINDOWS\System32\win32u.dll
0x00007fffbd030000 - 0x00007fffbd058000 	C:\WINDOWS\System32\GDI32.dll
0x00007fffba1f0000 - 0x00007fffba383000 	C:\WINDOWS\System32\gdi32full.dll
0x00007fffb9fa0000 - 0x00007fffba03b000 	C:\WINDOWS\System32\msvcp_win.dll
0x00007fffba040000 - 0x00007fffba134000 	C:\WINDOWS\System32\ucrtbase.dll
0x00007fffb0a70000 - 0x00007fffb0cd9000 	C:\WINDOWS\WinSxS\amd64_microsoft.windows.common-controls_6595b64144ccf1df_6.0.16299.1217_none_0f8972685a6bd8f8\COMCTL32.dll
0x00007fffbc020000 - 0x00007fffbc326000 	C:\WINDOWS\System32\combase.dll
0x00007fffb9ed0000 - 0x00007fffb9f42000 	C:\WINDOWS\System32\bcryptPrimitives.dll
0x00007fffbc8c0000 - 0x00007fffbc8ed000 	C:\WINDOWS\System32\IMM32.DLL
0x0000000061570000 - 0x0000000061642000 	C:\Program Files\Java\jre8\bin\msvcr100.dll
0x0000000061a40000 - 0x00000000622db000 	C:\Program Files\Java\jre8\bin\server\jvm.dll
0x00007fffb7f60000 - 0x00007fffb7f69000 	C:\WINDOWS\SYSTEM32\WSOCK32.dll
0x00007fffbcf10000 - 0x00007fffbcf7c000 	C:\WINDOWS\System32\WS2_32.dll
0x00007fffb19d0000 - 0x00007fffb19f3000 	C:\WINDOWS\SYSTEM32\WINMM.dll
0x00007fffb4810000 - 0x00007fffb481a000 	C:\WINDOWS\SYSTEM32\VERSION.dll
0x00007fffb19a0000 - 0x00007fffb19ca000 	C:\WINDOWS\SYSTEM32\WINMMBASE.dll
0x00007fffb9f50000 - 0x00007fffb9f9a000 	C:\WINDOWS\System32\cfgmgr32.dll
0x00007fffa13c0000 - 0x00007fffa142a000 	C:\Program Files\Ford\Ford_Collection\prntm64.dll
0x00007fffba810000 - 0x00007fffba861000 	C:\WINDOWS\System32\SHLWAPI.dll
0x00007fffbc770000 - 0x00007fffbc8b9000 	C:\WINDOWS\System32\ole32.dll
0x00007fffbaa00000 - 0x00007fffbaac4000 	C:\WINDOWS\System32\OLEAUT32.dll
0x00007fffb3820000 - 0x00007fffb382c000 	C:\WINDOWS\SYSTEM32\Secur32.dll
0x00007fffb2b20000 - 0x00007fffb2ba6000 	C:\WINDOWS\SYSTEM32\WINSPOOL.DRV
0x00007fff625c0000 - 0x00007fff626af000 	C:\Program Files\Java\jre8\bin\MSVCR120.dll
0x00007fff62510000 - 0x00007fff625b6000 	C:\Program Files\Java\jre8\bin\MSVCP120.dll
0x00007fffb8a00000 - 0x00007fffb8a39000 	C:\WINDOWS\SYSTEM32\IPHLPAPI.DLL
0x00007fffb8f40000 - 0x00007fffb8f65000 	C:\WINDOWS\SYSTEM32\bcrypt.dll
0x00007fffb9310000 - 0x00007fffb9340000 	C:\WINDOWS\SYSTEM32\SSPICLI.DLL
0x0000000063990000 - 0x000000006399f000 	C:\Program Files\Java\jre8\bin\verify.dll
0x0000000061a10000 - 0x0000000061a39000 	C:\Program Files\Java\jre8\bin\java.dll
0x00000000619f0000 - 0x0000000061a06000 	C:\Program Files\Java\jre8\bin\zip.dll
0x00007fffbab80000 - 0x00007fffbbfb8000 	C:\WINDOWS\System32\SHELL32.dll
0x00007fffbaad0000 - 0x00007fffbab76000 	C:\WINDOWS\System32\shcore.dll
0x00007fffb9780000 - 0x00007fffb9ec7000 	C:\WINDOWS\System32\windows.storage.dll
0x00007fffb9450000 - 0x00007fffb9461000 	C:\WINDOWS\System32\kernel.appcore.dll
0x00007fffb93e0000 - 0x00007fffb942c000 	C:\WINDOWS\System32\powrprof.dll
0x00007fffb9430000 - 0x00007fffb944b000 	C:\WINDOWS\System32\profapi.dll
0x00000000619d0000 - 0x00000000619ea000 	C:\Program Files\Java\jre8\bin\net.dll
0x00007fffb8c70000 - 0x00007fffb8cd6000 	C:\WINDOWS\system32\mswsock.dll
0x00007fffbcdf0000 - 0x00007fffbcdf8000 	C:\WINDOWS\System32\NSI.dll
0x00007fffb4d70000 - 0x00007fffb4d86000 	C:\WINDOWS\SYSTEM32\dhcpcsvc6.DLL
0x00007fffb4a90000 - 0x00007fffb4aaa000 	C:\WINDOWS\SYSTEM32\dhcpcsvc.DLL
0x00007fffb8a50000 - 0x00007fffb8b06000 	C:\WINDOWS\SYSTEM32\DNSAPI.dll
0x00007fffb0120000 - 0x00007fffb0141000 	C:\WINDOWS\FireEye\NamespaceToEvents.dll
0x00007fffb0e80000 - 0x00007fffb0e8a000 	C:\Windows\System32\rasadhlp.dll
0x00007fffb4ce0000 - 0x00007fffb4d50000 	C:\WINDOWS\System32\fwpuclnt.dll
0x0000000063980000 - 0x000000006398d000 	C:\Program Files\Java\jre8\bin\management.dll
0x00007fff9e890000 - 0x00007fff9e8a6000 	C:\WINDOWS\system32\napinsp.dll
0x00007fff9e870000 - 0x00007fff9e88a000 	C:\WINDOWS\system32\pnrpnsp.dll
0x00007fffb3c30000 - 0x00007fffb3c48000 	C:\WINDOWS\system32\NLAapi.dll
0x00007fff9fc30000 - 0x00007fff9fc3e000 	C:\WINDOWS\System32\winrnr.dll
0x00000000619b0000 - 0x00000000619c1000 	C:\Program Files\Java\jre8\bin\nio.dll
0x00007fffb8e30000 - 0x00007fffb8e47000 	C:\WINDOWS\SYSTEM32\CRYPTSP.dll
0x00007fffb85f0000 - 0x00007fffb8623000 	C:\WINDOWS\system32\rsaenh.dll
0x00007fffb92e0000 - 0x00007fffb9309000 	C:\WINDOWS\SYSTEM32\USERENV.dll
0x00007fffb8e50000 - 0x00007fffb8e5b000 	C:\WINDOWS\SYSTEM32\CRYPTBASE.dll

VM Arguments:
jvm_args: -Dfile.encoding=Cp1252 
java_command: br.com.viavarejo.Application
java_class_path (initial): C:\Users\tfreita2\Documents\workspace-spring-tool-suite-4-4.2.1.RELEASE\Receiving\compra-viavarejo\bin\main;C:\Users\tfreita2\.gradle\caches\modules-2\files-2.1\org.springframework.boot\spring-boot-starter-web\1.5.13.RELEASE\4f77e9c01c13dfe035ebc4b6482da57b5e590b9b\spring-boot-starter-web-1.5.13.RELEASE.jar;C:\Users\tfreita2\.gradle\caches\modules-2\files-2.1\org.springframework.cloud\spring-cloud-starter-feign\1.4.4.RELEASE\bb2f0c33c472eefffb6713107a5a3a32f87a92f0\spring-cloud-starter-feign-1.4.4.RELEASE.jar;C:\Users\tfreita2\.gradle\caches\modules-2\files-2.1\org.springframework.cloud\spring-cloud-starter-openfeign\1.4.4.RELEASE\da3e16319f10a8b3a977242858e0c2caa90c1bae\spring-cloud-starter-openfeign-1.4.4.RELEASE.jar;C:\Users\tfreita2\.gradle\caches\modules-2\files-2.1\org.springframework.cloud\spring-cloud-starter-netflix-ribbon\1.4.4.RELEASE\5fe3de6e26fe49604baf489b1dc8af92a37258d7\spring-cloud-starter-netflix-ribbon-1.4.4.RELEASE.jar;C:\Users\tfreita2\.gradle\caches\modules-2\files-2.1\org.springframework.cloud\spring-cloud-starter-netflix-archaius\1.4.4.RELEASE\b1312bfa4f2d0101bf2d6e79d7e9b2dd292a3bd8\spring-cloud-starter-netflix-archaius-1.4.4.RELEASE.jar;C:\Users\tfreita2\.gradle\caches\modules-2\files-2.1\org.springframework.cloud\spring-cloud-starter\1.3.3.RELEASE\6abb60b4db4b1a4879fa995b9987e6033ace9202\spring-cloud-starter-1.3.3.RELEASE.jar;C:\Users\tfreita2\.gradle\caches\modules-2\files-2.1\org.springframework.boot\spring-boot-starter\1.5.13.RELEASE\908f50d2df2fc4c7db1753da43d2de9c6d16d0e5\spring-boot-starter-1.5.13.RELEASE.jar;C:\Users\tfreita2\.gradle\caches\modules-2\files-2.1\org.springframework.boot\spring-boot-starter-tomcat\1.5.13.RELEASE\880f4c4af539e228091babfb0e5aaea18130f6f6\spring-boot-starter-tomcat-1.5.13.RELEASE.jar;C:\Users\tfreita2\.gradle\caches\modules-2\files-2.1\org.hibernate\hibernate-validator\5.3.6.Final\4c730be8bf55a8e9a61e79a2f2c079abf48b718\hibernate-validator-5.3.6.Final.jar;C:\Users\tfreita2\.gr
Launcher Type: SUN_STANDARD

Environment Variables:
JAVA_HOME=C:\Ford\jdk1.8.0_152\jre
PATH=C:/Program Files/Java/jre8/bin/server;C:/Program Files/Java/jre8/bin;C:/Program Files/Java/jre8/lib/amd64;C:\Program Files (x86)\Intel\iCLS Client\;C:\Program Files\Intel\iCLS Client\;C:\ProgramData\Oracle\Java\javapath;C:\Program Files (x86)\RSA SecurID Token Common;C:\Program Files\RSA SecurID Token Common;C:\WINDOWS\system32;C:\WINDOWS;C:\WINDOWS\System32\Wbem;C:\WINDOWS\System32\WindowsPowerShell\v1.0\;C:\Program Files\Intel\WiFi\bin\;C:\Program Files\Common Files\Intel\WirelessCommon\;C:\Program Files\7-Zip;C:\Program Files (x86)\Intel\Intel(R) Management Engine Components\DAL;C:\Program Files\Intel\Intel(R) Management Engine Components\DAL;C:\Program Files (x86)\Intel\Intel(R) Management Engine Components\IPT;C:\Program Files\Intel\Intel(R) Management Engine Components\IPT;C:\Program Files (x86)\Microsoft SQL Server\Client SDK\ODBC\130\Tools\Binn\;C:\Program Files (x86)\Microsoft SQL Server\130\Tools\Binn\;C:\Program Files (x86)\Microsoft SQL Server\130\DTS\Binn\;C:\Program Files (x86)\Microsoft SQL Server\130\Tools\Binn\ManagementStudio\;C:\Ford\gradle-4.1\bin;C:\Ford\jdk1.8.0_152\jre\bin;C:\Program Files (x86)\Webex\Webex\Applications;C:\Users\tfreita2\Documents\Development\gradle\gradle-5.4.1\bin;C:\Users\tfreita2\AppData\Local\Microsoft\WindowsApps;C:\Users\tfreita2\AppData\Local\Programs\Git\cmd;C:\Users\tfreita2\AppData\Roaming\Cloud Foundry;C:\Users\tfreita2\Documents\Development\IDE\sts-4.2.1.RELEASE;
USERNAME=TFREITA2
OS=Windows_NT
PROCESSOR_IDENTIFIER=Intel64 Family 6 Model 61 Stepping 4, GenuineIntel



---------------  S Y S T E M  ---------------

OS: Windows 10.0 , 64 bit Build 16299 (10.0.16299.1146)

CPU:total 4 (2 cores per cpu, 2 threads per core) family 6 model 61 stepping 4, cmov, cx8, fxsr, mmx, sse, sse2, sse3, ssse3, sse4.1, sse4.2, popcnt, avx, avx2, aes, clmul, erms, rtm, 3dnowpref, lzcnt, ht, tsc, tscinvbit, bmi1, bmi2, adx

Memory: 4k page, physical 8257820k(648940k free), swap 23480472k(6284k free)

vm_info: Java HotSpot(TM) 64-Bit Server VM (25.121-b13) for windows-amd64 JRE (1.8.0_121-b13), built on Dec 12 2016 18:21:36 by "java_re" with MS VC++ 10.0 (VS2010)

time: Fri Jul 05 14:08:15 2019
elapsed time: 7 seconds (0d 0h 0m 7s)

